[0.055s] DEBUG:colcon:Command line arguments: ['/usr/bin/colcon', 'build', '--packages-select', 'hik_camera_ros2']
[0.055s] DEBUG:colcon:Parsed command line arguments: Namespace(log_base=None, log_level=None, verb_name='build', build_base='build', install_base='install', merge_install=False, symlink_install=False, test_result_base=None, continue_on_error=False, executor='parallel', parallel_workers=20, event_handlers=None, ignore_user_meta=False, metas=['./colcon.meta'], base_paths=['.'], packages_ignore=None, packages_ignore_regex=None, paths=None, packages_up_to=None, packages_up_to_regex=None, packages_above=None, packages_above_and_dependencies=None, packages_above_depth=None, packages_select_by_dep=None, packages_skip_by_dep=None, packages_skip_up_to=None, packages_select_build_failed=False, packages_skip_build_finished=False, packages_select_test_failures=False, packages_skip_test_passed=False, packages_select=['hik_camera_ros2'], packages_skip=None, packages_select_regex=None, packages_skip_regex=None, packages_start=None, packages_end=None, allow_overriding=[], cmake_args=None, cmake_target=None, cmake_target_skip_unavailable=False, cmake_clean_cache=False, cmake_clean_first=False, cmake_force_configure=False, ament_cmake_args=None, catkin_cmake_args=None, catkin_skip_building_tests=False, mixin_files=None, mixin=None, verb_parser=<colcon_mixin.mixin.mixin_argument.MixinArgumentDecorator object at 0x7c244fc61c00>, verb_extension=<colcon_core.verb.build.BuildVerb object at 0x7c244fc61720>, main=<bound method BuildVerb.main of <colcon_core.verb.build.BuildVerb object at 0x7c244fc61720>>, mixin_verb=('build',))
[0.131s] Level 1:colcon.colcon_core.package_discovery:discover_packages(colcon_meta) check parameters
[0.131s] Level 1:colcon.colcon_core.package_discovery:discover_packages(recursive) check parameters
[0.131s] Level 1:colcon.colcon_core.package_discovery:discover_packages(ignore) check parameters
[0.131s] Level 1:colcon.colcon_core.package_discovery:discover_packages(path) check parameters
[0.131s] Level 1:colcon.colcon_core.package_discovery:discover_packages(colcon_meta) discover
[0.131s] Level 1:colcon.colcon_core.package_discovery:discover_packages(recursive) discover
[0.131s] INFO:colcon.colcon_core.package_discovery:Crawling recursively for packages in '/home/eric/RMVcode/RMV-task4/ROS-HIk_MVS-SDK'
[0.131s] Level 1:colcon.colcon_core.package_identification:_identify(.) by extensions ['ignore', 'ignore_ament_install']
[0.131s] Level 1:colcon.colcon_core.package_identification:_identify(.) by extension 'ignore'
[0.131s] Level 1:colcon.colcon_core.package_identification:_identify(.) by extension 'ignore_ament_install'
[0.131s] Level 1:colcon.colcon_core.package_identification:_identify(.) by extensions ['colcon_pkg']
[0.131s] Level 1:colcon.colcon_core.package_identification:_identify(.) by extension 'colcon_pkg'
[0.131s] Level 1:colcon.colcon_core.package_identification:_identify(.) by extensions ['colcon_meta']
[0.131s] Level 1:colcon.colcon_core.package_identification:_identify(.) by extension 'colcon_meta'
[0.131s] Level 1:colcon.colcon_core.package_identification:_identify(.) by extensions ['ros']
[0.131s] Level 1:colcon.colcon_core.package_identification:_identify(.) by extension 'ros'
[0.137s] Level 1:colcon.colcon_core.package_identification:_identify(.) by extensions ['cmake', 'python']
[0.137s] Level 1:colcon.colcon_core.package_identification:_identify(.) by extension 'cmake'
[0.137s] Level 1:colcon.colcon_core.package_identification:_identify(.) by extension 'python'
[0.137s] Level 1:colcon.colcon_core.package_identification:_identify(.) by extensions ['python_setup_py']
[0.137s] Level 1:colcon.colcon_core.package_identification:_identify(.) by extension 'python_setup_py'
[0.137s] Level 1:colcon.colcon_core.package_identification:_identify(build) by extensions ['ignore', 'ignore_ament_install']
[0.138s] Level 1:colcon.colcon_core.package_identification:_identify(build) by extension 'ignore'
[0.138s] Level 1:colcon.colcon_core.package_identification:_identify(build) ignored
[0.138s] Level 1:colcon.colcon_core.package_identification:_identify(install) by extensions ['ignore', 'ignore_ament_install']
[0.138s] Level 1:colcon.colcon_core.package_identification:_identify(install) by extension 'ignore'
[0.138s] Level 1:colcon.colcon_core.package_identification:_identify(install) ignored
[0.138s] Level 1:colcon.colcon_core.package_identification:_identify(log) by extensions ['ignore', 'ignore_ament_install']
[0.138s] Level 1:colcon.colcon_core.package_identification:_identify(log) by extension 'ignore'
[0.138s] Level 1:colcon.colcon_core.package_identification:_identify(log) ignored
[0.138s] Level 1:colcon.colcon_core.package_identification:_identify(src) by extensions ['ignore', 'ignore_ament_install']
[0.138s] Level 1:colcon.colcon_core.package_identification:_identify(src) by extension 'ignore'
[0.138s] Level 1:colcon.colcon_core.package_identification:_identify(src) by extension 'ignore_ament_install'
[0.138s] Level 1:colcon.colcon_core.package_identification:_identify(src) by extensions ['colcon_pkg']
[0.138s] Level 1:colcon.colcon_core.package_identification:_identify(src) by extension 'colcon_pkg'
[0.138s] Level 1:colcon.colcon_core.package_identification:_identify(src) by extensions ['colcon_meta']
[0.138s] Level 1:colcon.colcon_core.package_identification:_identify(src) by extension 'colcon_meta'
[0.138s] Level 1:colcon.colcon_core.package_identification:_identify(src) by extensions ['ros']
[0.138s] Level 1:colcon.colcon_core.package_identification:_identify(src) by extension 'ros'
[0.138s] Level 1:colcon.colcon_core.package_identification:_identify(src) by extensions ['cmake', 'python']
[0.138s] Level 1:colcon.colcon_core.package_identification:_identify(src) by extension 'cmake'
[0.138s] Level 1:colcon.colcon_core.package_identification:_identify(src) by extension 'python'
[0.138s] Level 1:colcon.colcon_core.package_identification:_identify(src) by extensions ['python_setup_py']
[0.138s] Level 1:colcon.colcon_core.package_identification:_identify(src) by extension 'python_setup_py'
[0.138s] Level 1:colcon.colcon_core.package_identification:_identify(src/hik_camera_ros2) by extensions ['ignore', 'ignore_ament_install']
[0.138s] Level 1:colcon.colcon_core.package_identification:_identify(src/hik_camera_ros2) by extension 'ignore'
[0.138s] Level 1:colcon.colcon_core.package_identification:_identify(src/hik_camera_ros2) by extension 'ignore_ament_install'
[0.138s] Level 1:colcon.colcon_core.package_identification:_identify(src/hik_camera_ros2) by extensions ['colcon_pkg']
[0.138s] Level 1:colcon.colcon_core.package_identification:_identify(src/hik_camera_ros2) by extension 'colcon_pkg'
[0.138s] Level 1:colcon.colcon_core.package_identification:_identify(src/hik_camera_ros2) by extensions ['colcon_meta']
[0.138s] Level 1:colcon.colcon_core.package_identification:_identify(src/hik_camera_ros2) by extension 'colcon_meta'
[0.138s] Level 1:colcon.colcon_core.package_identification:_identify(src/hik_camera_ros2) by extensions ['ros']
[0.138s] Level 1:colcon.colcon_core.package_identification:_identify(src/hik_camera_ros2) by extension 'ros'
[0.140s] DEBUG:colcon.colcon_core.package_identification:Package 'src/hik_camera_ros2' with type 'ros.ament_cmake' and name 'hik_camera_ros2'
[0.140s] Level 1:colcon.colcon_core.package_discovery:discover_packages(recursive) using defaults
[0.140s] Level 1:colcon.colcon_core.package_discovery:discover_packages(ignore) discover
[0.140s] Level 1:colcon.colcon_core.package_discovery:discover_packages(ignore) using defaults
[0.140s] Level 1:colcon.colcon_core.package_discovery:discover_packages(path) discover
[0.140s] Level 1:colcon.colcon_core.package_discovery:discover_packages(path) using defaults
[0.156s] Level 1:colcon.colcon_core.package_discovery:discover_packages(prefix_path) check parameters
[0.156s] Level 1:colcon.colcon_core.package_discovery:discover_packages(prefix_path) discover
[0.157s] DEBUG:colcon.colcon_installed_package_information.package_discovery:Found 272 installed packages in /opt/ros/humble
[0.158s] Level 1:colcon.colcon_core.package_discovery:discover_packages(prefix_path) using defaults
[0.175s] Level 5:colcon.colcon_core.verb:set package 'hik_camera_ros2' build argument 'cmake_args' from command line to 'None'
[0.175s] Level 5:colcon.colcon_core.verb:set package 'hik_camera_ros2' build argument 'cmake_target' from command line to 'None'
[0.175s] Level 5:colcon.colcon_core.verb:set package 'hik_camera_ros2' build argument 'cmake_target_skip_unavailable' from command line to 'False'
[0.175s] Level 5:colcon.colcon_core.verb:set package 'hik_camera_ros2' build argument 'cmake_clean_cache' from command line to 'False'
[0.175s] Level 5:colcon.colcon_core.verb:set package 'hik_camera_ros2' build argument 'cmake_clean_first' from command line to 'False'
[0.175s] Level 5:colcon.colcon_core.verb:set package 'hik_camera_ros2' build argument 'cmake_force_configure' from command line to 'False'
[0.175s] Level 5:colcon.colcon_core.verb:set package 'hik_camera_ros2' build argument 'ament_cmake_args' from command line to 'None'
[0.175s] Level 5:colcon.colcon_core.verb:set package 'hik_camera_ros2' build argument 'catkin_cmake_args' from command line to 'None'
[0.175s] Level 5:colcon.colcon_core.verb:set package 'hik_camera_ros2' build argument 'catkin_skip_building_tests' from command line to 'False'
[0.175s] DEBUG:colcon.colcon_core.verb:Building package 'hik_camera_ros2' with the following arguments: {'ament_cmake_args': None, 'build_base': '/home/eric/RMVcode/RMV-task4/ROS-HIk_MVS-SDK/build/hik_camera_ros2', 'catkin_cmake_args': None, 'catkin_skip_building_tests': False, 'cmake_args': None, 'cmake_clean_cache': False, 'cmake_clean_first': False, 'cmake_force_configure': False, 'cmake_target': None, 'cmake_target_skip_unavailable': False, 'install_base': '/home/eric/RMVcode/RMV-task4/ROS-HIk_MVS-SDK/install/hik_camera_ros2', 'merge_install': False, 'path': '/home/eric/RMVcode/RMV-task4/ROS-HIk_MVS-SDK/src/hik_camera_ros2', 'symlink_install': False, 'test_result_base': None}
[0.175s] INFO:colcon.colcon_core.executor:Executing jobs using 'parallel' executor
[0.176s] DEBUG:colcon.colcon_parallel_executor.executor.parallel:run_until_complete
[0.176s] INFO:colcon.colcon_ros.task.ament_cmake.build:Building ROS package in '/home/eric/RMVcode/RMV-task4/ROS-HIk_MVS-SDK/src/hik_camera_ros2' with build type 'ament_cmake'
[0.176s] INFO:colcon.colcon_cmake.task.cmake.build:Building CMake package in '/home/eric/RMVcode/RMV-task4/ROS-HIk_MVS-SDK/src/hik_camera_ros2'
[0.177s] INFO:colcon.colcon_core.plugin_system:Skipping extension 'colcon_core.shell.bat': Not used on non-Windows systems
[0.177s] INFO:colcon.colcon_core.shell:Skip shell extension 'powershell' for command environment: Not usable outside of PowerShell
[0.177s] DEBUG:colcon.colcon_core.shell:Skip shell extension 'dsv' for command environment
[0.183s] DEBUG:colcon.colcon_core.event_handler.log_command:Invoking command in '/home/eric/RMVcode/RMV-task4/ROS-HIk_MVS-SDK/build/hik_camera_ros2': CMAKE_PREFIX_PATH=/opt/ros/humble /usr/bin/cmake /home/eric/RMVcode/RMV-task4/ROS-HIk_MVS-SDK/src/hik_camera_ros2 -DCMAKE_INSTALL_PREFIX=/home/eric/RMVcode/RMV-task4/ROS-HIk_MVS-SDK/install/hik_camera_ros2
[0.495s] DEBUG:colcon.colcon_core.event_handler.log_command:Invoked command in '/home/eric/RMVcode/RMV-task4/ROS-HIk_MVS-SDK/build/hik_camera_ros2' returned '0': CMAKE_PREFIX_PATH=/opt/ros/humble /usr/bin/cmake /home/eric/RMVcode/RMV-task4/ROS-HIk_MVS-SDK/src/hik_camera_ros2 -DCMAKE_INSTALL_PREFIX=/home/eric/RMVcode/RMV-task4/ROS-HIk_MVS-SDK/install/hik_camera_ros2
[0.496s] DEBUG:colcon.colcon_core.event_handler.log_command:Invoking command in '/home/eric/RMVcode/RMV-task4/ROS-HIk_MVS-SDK/build/hik_camera_ros2': CMAKE_PREFIX_PATH=/opt/ros/humble /usr/bin/cmake --build /home/eric/RMVcode/RMV-task4/ROS-HIk_MVS-SDK/build/hik_camera_ros2 -- -j20 -l20
[3.380s] DEBUG:colcon.colcon_core.event_handler.log_command:Invoked command in '/home/eric/RMVcode/RMV-task4/ROS-HIk_MVS-SDK/build/hik_camera_ros2' returned '0': CMAKE_PREFIX_PATH=/opt/ros/humble /usr/bin/cmake --build /home/eric/RMVcode/RMV-task4/ROS-HIk_MVS-SDK/build/hik_camera_ros2 -- -j20 -l20
[3.387s] DEBUG:colcon.colcon_core.event_handler.log_command:Invoking command in '/home/eric/RMVcode/RMV-task4/ROS-HIk_MVS-SDK/build/hik_camera_ros2': CMAKE_PREFIX_PATH=/opt/ros/humble /usr/bin/cmake --install /home/eric/RMVcode/RMV-task4/ROS-HIk_MVS-SDK/build/hik_camera_ros2
[3.394s] Level 1:colcon.colcon_core.environment:create_environment_scripts_only(hik_camera_ros2)
[3.394s] DEBUG:colcon.colcon_core.event_handler.log_command:Invoked command in '/home/eric/RMVcode/RMV-task4/ROS-HIk_MVS-SDK/build/hik_camera_ros2' returned '0': CMAKE_PREFIX_PATH=/opt/ros/humble /usr/bin/cmake --install /home/eric/RMVcode/RMV-task4/ROS-HIk_MVS-SDK/build/hik_camera_ros2
[3.395s] Level 1:colcon.colcon_core.environment:checking '/home/eric/RMVcode/RMV-task4/ROS-HIk_MVS-SDK/install/hik_camera_ros2' for CMake module files
[3.396s] Level 1:colcon.colcon_core.environment:checking '/home/eric/RMVcode/RMV-task4/ROS-HIk_MVS-SDK/install/hik_camera_ros2' for CMake config files
[3.396s] Level 1:colcon.colcon_core.shell:create_environment_hook('hik_camera_ros2', 'cmake_prefix_path')
[3.396s] INFO:colcon.colcon_core.shell:Creating environment hook '/home/eric/RMVcode/RMV-task4/ROS-HIk_MVS-SDK/install/hik_camera_ros2/share/hik_camera_ros2/hook/cmake_prefix_path.ps1'
[3.396s] INFO:colcon.colcon_core.shell:Creating environment descriptor '/home/eric/RMVcode/RMV-task4/ROS-HIk_MVS-SDK/install/hik_camera_ros2/share/hik_camera_ros2/hook/cmake_prefix_path.dsv'
[3.397s] INFO:colcon.colcon_core.shell:Creating environment hook '/home/eric/RMVcode/RMV-task4/ROS-HIk_MVS-SDK/install/hik_camera_ros2/share/hik_camera_ros2/hook/cmake_prefix_path.sh'
[3.397s] Level 1:colcon.colcon_core.environment:checking '/home/eric/RMVcode/RMV-task4/ROS-HIk_MVS-SDK/install/hik_camera_ros2/lib'
[3.397s] Level 1:colcon.colcon_core.environment:checking '/home/eric/RMVcode/RMV-task4/ROS-HIk_MVS-SDK/install/hik_camera_ros2/bin'
[3.397s] Level 1:colcon.colcon_core.environment:checking '/home/eric/RMVcode/RMV-task4/ROS-HIk_MVS-SDK/install/hik_camera_ros2/lib/pkgconfig/hik_camera_ros2.pc'
[3.398s] Level 1:colcon.colcon_core.environment:checking '/home/eric/RMVcode/RMV-task4/ROS-HIk_MVS-SDK/install/hik_camera_ros2/lib/python3.10/site-packages'
[3.398s] Level 1:colcon.colcon_core.environment:checking '/home/eric/RMVcode/RMV-task4/ROS-HIk_MVS-SDK/install/hik_camera_ros2/bin'
[3.398s] INFO:colcon.colcon_core.shell:Creating package script '/home/eric/RMVcode/RMV-task4/ROS-HIk_MVS-SDK/install/hik_camera_ros2/share/hik_camera_ros2/package.ps1'
[3.398s] INFO:colcon.colcon_core.shell:Creating package descriptor '/home/eric/RMVcode/RMV-task4/ROS-HIk_MVS-SDK/install/hik_camera_ros2/share/hik_camera_ros2/package.dsv'
[3.399s] INFO:colcon.colcon_core.shell:Creating package script '/home/eric/RMVcode/RMV-task4/ROS-HIk_MVS-SDK/install/hik_camera_ros2/share/hik_camera_ros2/package.sh'
[3.399s] INFO:colcon.colcon_core.shell:Creating package script '/home/eric/RMVcode/RMV-task4/ROS-HIk_MVS-SDK/install/hik_camera_ros2/share/hik_camera_ros2/package.bash'
[3.399s] INFO:colcon.colcon_core.shell:Creating package script '/home/eric/RMVcode/RMV-task4/ROS-HIk_MVS-SDK/install/hik_camera_ros2/share/hik_camera_ros2/package.zsh'
[3.400s] Level 1:colcon.colcon_core.environment:create_file_with_runtime_dependencies(/home/eric/RMVcode/RMV-task4/ROS-HIk_MVS-SDK/install/hik_camera_ros2/share/colcon-core/packages/hik_camera_ros2)
[3.400s] Level 1:colcon.colcon_core.environment:create_environment_scripts_only(hik_camera_ros2)
[3.400s] Level 1:colcon.colcon_core.environment:checking '/home/eric/RMVcode/RMV-task4/ROS-HIk_MVS-SDK/install/hik_camera_ros2' for CMake module files
[3.400s] Level 1:colcon.colcon_core.environment:checking '/home/eric/RMVcode/RMV-task4/ROS-HIk_MVS-SDK/install/hik_camera_ros2' for CMake config files
[3.400s] Level 1:colcon.colcon_core.shell:create_environment_hook('hik_camera_ros2', 'cmake_prefix_path')
[3.401s] INFO:colcon.colcon_core.shell:Creating environment hook '/home/eric/RMVcode/RMV-task4/ROS-HIk_MVS-SDK/install/hik_camera_ros2/share/hik_camera_ros2/hook/cmake_prefix_path.ps1'
[3.401s] INFO:colcon.colcon_core.shell:Creating environment descriptor '/home/eric/RMVcode/RMV-task4/ROS-HIk_MVS-SDK/install/hik_camera_ros2/share/hik_camera_ros2/hook/cmake_prefix_path.dsv'
[3.401s] INFO:colcon.colcon_core.shell:Creating environment hook '/home/eric/RMVcode/RMV-task4/ROS-HIk_MVS-SDK/install/hik_camera_ros2/share/hik_camera_ros2/hook/cmake_prefix_path.sh'
[3.401s] Level 1:colcon.colcon_core.environment:checking '/home/eric/RMVcode/RMV-task4/ROS-HIk_MVS-SDK/install/hik_camera_ros2/lib'
[3.401s] Level 1:colcon.colcon_core.environment:checking '/home/eric/RMVcode/RMV-task4/ROS-HIk_MVS-SDK/install/hik_camera_ros2/bin'
[3.401s] Level 1:colcon.colcon_core.environment:checking '/home/eric/RMVcode/RMV-task4/ROS-HIk_MVS-SDK/install/hik_camera_ros2/lib/pkgconfig/hik_camera_ros2.pc'
[3.401s] Level 1:colcon.colcon_core.environment:checking '/home/eric/RMVcode/RMV-task4/ROS-HIk_MVS-SDK/install/hik_camera_ros2/lib/python3.10/site-packages'
[3.401s] Level 1:colcon.colcon_core.environment:checking '/home/eric/RMVcode/RMV-task4/ROS-HIk_MVS-SDK/install/hik_camera_ros2/bin'
[3.402s] INFO:colcon.colcon_core.shell:Creating package script '/home/eric/RMVcode/RMV-task4/ROS-HIk_MVS-SDK/install/hik_camera_ros2/share/hik_camera_ros2/package.ps1'
[3.402s] INFO:colcon.colcon_core.shell:Creating package descriptor '/home/eric/RMVcode/RMV-task4/ROS-HIk_MVS-SDK/install/hik_camera_ros2/share/hik_camera_ros2/package.dsv'
[3.402s] INFO:colcon.colcon_core.shell:Creating package script '/home/eric/RMVcode/RMV-task4/ROS-HIk_MVS-SDK/install/hik_camera_ros2/share/hik_camera_ros2/package.sh'
[3.402s] INFO:colcon.colcon_core.shell:Creating package script '/home/eric/RMVcode/RMV-task4/ROS-HIk_MVS-SDK/install/hik_camera_ros2/share/hik_camera_ros2/package.bash'
[3.403s] INFO:colcon.colcon_core.shell:Creating package script '/home/eric/RMVcode/RMV-task4/ROS-HIk_MVS-SDK/install/hik_camera_ros2/share/hik_camera_ros2/package.zsh'
[3.403s] Level 1:colcon.colcon_core.environment:create_file_with_runtime_dependencies(/home/eric/RMVcode/RMV-task4/ROS-HIk_MVS-SDK/install/hik_camera_ros2/share/colcon-core/packages/hik_camera_ros2)
[3.403s] DEBUG:colcon.colcon_parallel_executor.executor.parallel:closing loop
[3.403s] DEBUG:colcon.colcon_parallel_executor.executor.parallel:loop closed
[3.403s] DEBUG:colcon.colcon_parallel_executor.executor.parallel:run_until_complete finished with '0'
[3.403s] DEBUG:colcon.colcon_core.event_reactor:joining thread
[3.408s] INFO:colcon.colcon_core.plugin_system:Skipping extension 'colcon_notification.desktop_notification.terminal_notifier': Not used on non-Darwin systems
[3.408s] INFO:colcon.colcon_core.plugin_system:Skipping extension 'colcon_notification.desktop_notification.win32': Not used on non-Windows systems
[3.408s] INFO:colcon.colcon_notification.desktop_notification:Sending desktop notification using 'notify2'
[3.419s] DEBUG:colcon.colcon_core.event_reactor:joined thread
[3.420s] INFO:colcon.colcon_core.shell:Creating prefix script '/home/eric/RMVcode/RMV-task4/ROS-HIk_MVS-SDK/install/local_setup.ps1'
[3.420s] INFO:colcon.colcon_core.shell:Creating prefix util module '/home/eric/RMVcode/RMV-task4/ROS-HIk_MVS-SDK/install/_local_setup_util_ps1.py'
[3.421s] INFO:colcon.colcon_core.shell:Creating prefix chain script '/home/eric/RMVcode/RMV-task4/ROS-HIk_MVS-SDK/install/setup.ps1'
[3.422s] INFO:colcon.colcon_core.shell:Creating prefix script '/home/eric/RMVcode/RMV-task4/ROS-HIk_MVS-SDK/install/local_setup.sh'
[3.422s] INFO:colcon.colcon_core.shell:Creating prefix util module '/home/eric/RMVcode/RMV-task4/ROS-HIk_MVS-SDK/install/_local_setup_util_sh.py'
[3.422s] INFO:colcon.colcon_core.shell:Creating prefix chain script '/home/eric/RMVcode/RMV-task4/ROS-HIk_MVS-SDK/install/setup.sh'
[3.423s] INFO:colcon.colcon_core.shell:Creating prefix script '/home/eric/RMVcode/RMV-task4/ROS-HIk_MVS-SDK/install/local_setup.bash'
[3.423s] INFO:colcon.colcon_core.shell:Creating prefix chain script '/home/eric/RMVcode/RMV-task4/ROS-HIk_MVS-SDK/install/setup.bash'
[3.423s] INFO:colcon.colcon_core.shell:Creating prefix script '/home/eric/RMVcode/RMV-task4/ROS-HIk_MVS-SDK/install/local_setup.zsh'
[3.424s] INFO:colcon.colcon_core.shell:Creating prefix chain script '/home/eric/RMVcode/RMV-task4/ROS-HIk_MVS-SDK/install/setup.zsh'
