[0.005s] Invoking command in '/home/eric/RMVcode/RMV-task4/ROS-HIk_MVS-SDK/build/hik_camera_ros2': CMAKE_PREFIX_PATH=/opt/ros/humble /usr/bin/cmake /home/eric/RMVcode/RMV-task4/ROS-HIk_MVS-SDK/src/hik_camera_ros2 -DCMAKE_INSTALL_PREFIX=/home/eric/RMVcode/RMV-task4/ROS-HIk_MVS-SDK/install/hik_camera_ros2
[0.047s] -- The C compiler identification is GNU 11.4.0
[0.097s] -- The CXX compiler identification is GNU 11.4.0
[0.101s] -- Detecting C compiler ABI info
[0.170s] -- Detecting C compiler ABI info - done
[0.175s] -- Check for working C compiler: /usr/bin/cc - skipped
[0.175s] -- Detecting C compile features
[0.175s] -- Detecting C compile features - done
[0.177s] -- Detecting CXX compiler ABI info
[0.233s] -- Detecting CXX compiler ABI info - done
[0.237s] -- Check for working CXX compiler: /usr/bin/c++ - skipped
[0.237s] -- Detecting CXX compile features
[0.237s] -- Detecting CXX compile features - done
[0.238s] -- Found ament_cmake: 1.3.12 (/opt/ros/humble/share/ament_cmake/cmake)
[0.335s] -- Found Python3: /usr/bin/python3 (found version "3.10.12") found components: Interpreter 
[0.385s] -- Found rclcpp: 16.0.15 (/opt/ros/humble/share/rclcpp/cmake)
[0.404s] -- Found rosidl_generator_c: 3.1.7 (/opt/ros/humble/share/rosidl_generator_c/cmake)
[0.406s] -- Found rosidl_adapter: 3.1.7 (/opt/ros/humble/share/rosidl_adapter/cmake)
[0.410s] -- Found rosidl_generator_cpp: 3.1.7 (/opt/ros/humble/share/rosidl_generator_cpp/cmake)
[0.416s] -- Using all available rosidl_typesupport_c: rosidl_typesupport_fastrtps_c;rosidl_typesupport_introspection_c
[0.424s] -- Using all available rosidl_typesupport_cpp: rosidl_typesupport_fastrtps_cpp;rosidl_typesupport_introspection_cpp
[0.445s] -- Found rmw_implementation_cmake: 6.1.2 (/opt/ros/humble/share/rmw_implementation_cmake/cmake)
[0.446s] -- Found rmw_fastrtps_cpp: 6.2.8 (/opt/ros/humble/share/rmw_fastrtps_cpp/cmake)
[0.502s] -- Found OpenSSL: /usr/lib/x86_64-linux-gnu/libcrypto.so (found version "3.0.2")  
[0.520s] -- Found FastRTPS: /opt/ros/humble/include  
[0.546s] -- Using RMW implementation 'rmw_fastrtps_cpp' as default
[0.551s] -- Looking for pthread.h
[0.605s] -- Looking for pthread.h - found
[0.605s] -- Performing Test CMAKE_HAVE_LIBC_PTHREAD
[0.662s] -- Performing Test CMAKE_HAVE_LIBC_PTHREAD - Success
[0.663s] -- Found Threads: TRUE  
[0.692s] -- Found sensor_msgs: 4.9.0 (/opt/ros/humble/share/sensor_msgs/cmake)
[0.708s] -- Found image_transport: 3.1.12 (/opt/ros/humble/share/image_transport/cmake)
[0.723s] -- Found cv_bridge: 3.2.1 (/opt/ros/humble/share/cv_bridge/cmake)
[0.729s] -- Found camera_info_manager: 3.1.12 (/opt/ros/humble/share/camera_info_manager/cmake)
[0.734s] -- Using MVS SDK from local path: /home/eric/RMVcode/RMV-task4/ROS-HIk_MVS-SDK/src/hik_camera_ros2/external/MVS
[0.735s] -- Found MVS include directory: /home/eric/RMVcode/RMV-task4/ROS-HIk_MVS-SDK/src/hik_camera_ros2/external/MVS/include
[0.735s] -- Found MVS library: /home/eric/RMVcode/RMV-task4/ROS-HIk_MVS-SDK/src/hik_camera_ros2/external/MVS/lib/64/libMvCameraControl.so
[0.735s] -- Found ament_lint_auto: 0.12.14 (/opt/ros/humble/share/ament_lint_auto/cmake)
[0.775s] [31mCMake Error at CMakeLists.txt:52 (target_link_libraries):
[0.775s]   The plain signature for target_link_libraries has already been used with
[0.775s]   the target "hik_camera_node".  All uses of target_link_libraries with a
[0.775s]   target must be either all-keyword or all-plain.
[0.775s] 
[0.775s]   The uses of the plain signature are here:
[0.775s] 
[0.775s]    * /opt/ros/humble/share/ament_cmake_target_dependencies/cmake/ament_target_dependencies.cmake:145 (target_link_libraries)
[0.775s] 
[0.775s] 
[0.775s] [0m
[0.778s] -- Added test 'cppcheck' to perform static code analysis on C / C++ code
[0.778s] -- Configured cppcheck include dirs: /home/eric/RMVcode/RMV-task4/ROS-HIk_MVS-SDK/src/hik_camera_ros2/external/MVS/include;/home/eric/RMVcode/RMV-task4/ROS-HIk_MVS-SDK/src/hik_camera_ros2/include
[0.778s] -- Configured cppcheck exclude dirs and/or files: 
[0.778s] -- Added test 'flake8' to check Python code syntax and style conventions
[0.779s] -- Added test 'lint_cmake' to check CMake code style
[0.779s] -- Added test 'pep257' to check Python code against some of the docstring style conventions in PEP 257
[0.781s] -- Added test 'uncrustify' to check C / C++ code style
[0.781s] -- Configured uncrustify additional arguments: 
[0.781s] -- Added test 'xmllint' to check XML markup files
[0.782s] -- Configuring incomplete, errors occurred!
[0.782s] See also "/home/eric/RMVcode/RMV-task4/ROS-HIk_MVS-SDK/build/hik_camera_ros2/CMakeFiles/CMakeOutput.log".
[0.789s] Invoked command in '/home/eric/RMVcode/RMV-task4/ROS-HIk_MVS-SDK/build/hik_camera_ros2' returned '1': CMAKE_PREFIX_PATH=/opt/ros/humble /usr/bin/cmake /home/eric/RMVcode/RMV-task4/ROS-HIk_MVS-SDK/src/hik_camera_ros2 -DCMAKE_INSTALL_PREFIX=/home/eric/RMVcode/RMV-task4/ROS-HIk_MVS-SDK/install/hik_camera_ros2
