[0.007s] Invoking command in '/home/eric/RMVcode/RMV-task4/ROS-HIk_MVS-SDK/build/hik_camera_ros2': CMAKE_PREFIX_PATH=/opt/ros/humble /usr/bin/cmake /home/eric/RMVcode/RMV-task4/ROS-HIk_MVS-SDK/src/hik_camera_ros2 -DCMAKE_INSTALL_PREFIX=/home/eric/RMVcode/RMV-task4/ROS-HIk_MVS-SDK/install/hik_camera_ros2
[0.017s] -- Found ament_cmake: 1.3.12 (/opt/ros/humble/share/ament_cmake/cmake)
[0.090s] -- Found rclcpp: 16.0.15 (/opt/ros/humble/share/rclcpp/cmake)
[0.105s] -- Found rosidl_generator_c: 3.1.7 (/opt/ros/humble/share/rosidl_generator_c/cmake)
[0.106s] -- Found rosidl_adapter: 3.1.7 (/opt/ros/humble/share/rosidl_adapter/cmake)
[0.109s] -- Found rosidl_generator_cpp: 3.1.7 (/opt/ros/humble/share/rosidl_generator_cpp/cmake)
[0.114s] -- Using all available rosidl_typesupport_c: rosidl_typesupport_fastrtps_c;rosidl_typesupport_introspection_c
[0.120s] -- Using all available rosidl_typesupport_cpp: rosidl_typesupport_fastrtps_cpp;rosidl_typesupport_introspection_cpp
[0.137s] -- Found rmw_implementation_cmake: 6.1.2 (/opt/ros/humble/share/rmw_implementation_cmake/cmake)
[0.138s] -- Found rmw_fastrtps_cpp: 6.2.8 (/opt/ros/humble/share/rmw_fastrtps_cpp/cmake)
[0.199s] -- Using RMW implementation 'rmw_fastrtps_cpp' as default
[0.228s] -- Found sensor_msgs: 4.9.0 (/opt/ros/humble/share/sensor_msgs/cmake)
[0.243s] -- Found image_transport: 3.1.12 (/opt/ros/humble/share/image_transport/cmake)
[0.253s] -- Found cv_bridge: 3.2.1 (/opt/ros/humble/share/cv_bridge/cmake)
[0.257s] -- Found camera_info_manager: 3.1.12 (/opt/ros/humble/share/camera_info_manager/cmake)
[0.261s] -- Using MVS SDK from local path: /home/eric/RMVcode/RMV-task4/ROS-HIk_MVS-SDK/src/hik_camera_ros2/external/MVS
[0.261s] -- Found MVS include directory: /home/eric/RMVcode/RMV-task4/ROS-HIk_MVS-SDK/src/hik_camera_ros2/external/MVS/include
[0.261s] -- Found MVS library: /home/eric/RMVcode/RMV-task4/ROS-HIk_MVS-SDK/src/hik_camera_ros2/external/MVS/lib/64/libMvCameraControl.so
[0.261s] -- Found ament_lint_auto: 0.12.14 (/opt/ros/humble/share/ament_lint_auto/cmake)
[0.300s] -- Added test 'cppcheck' to perform static code analysis on C / C++ code
[0.300s] -- Configured cppcheck include dirs: /home/eric/RMVcode/RMV-task4/ROS-HIk_MVS-SDK/src/hik_camera_ros2/external/MVS/include;/home/eric/RMVcode/RMV-task4/ROS-HIk_MVS-SDK/src/hik_camera_ros2/include
[0.300s] -- Configured cppcheck exclude dirs and/or files: 
[0.301s] -- Added test 'flake8' to check Python code syntax and style conventions
[0.301s] -- Added test 'lint_cmake' to check CMake code style
[0.302s] -- Added test 'pep257' to check Python code against some of the docstring style conventions in PEP 257
[0.303s] -- Added test 'uncrustify' to check C / C++ code style
[0.303s] -- Configured uncrustify additional arguments: 
[0.304s] -- Added test 'xmllint' to check XML markup files
[0.304s] -- Configuring done
[0.310s] -- Generating done
[0.312s] -- Build files have been written to: /home/eric/RMVcode/RMV-task4/ROS-HIk_MVS-SDK/build/hik_camera_ros2
[0.319s] Invoked command in '/home/eric/RMVcode/RMV-task4/ROS-HIk_MVS-SDK/build/hik_camera_ros2' returned '0': CMAKE_PREFIX_PATH=/opt/ros/humble /usr/bin/cmake /home/eric/RMVcode/RMV-task4/ROS-HIk_MVS-SDK/src/hik_camera_ros2 -DCMAKE_INSTALL_PREFIX=/home/eric/RMVcode/RMV-task4/ROS-HIk_MVS-SDK/install/hik_camera_ros2
[0.319s] Invoking command in '/home/eric/RMVcode/RMV-task4/ROS-HIk_MVS-SDK/build/hik_camera_ros2': CMAKE_PREFIX_PATH=/opt/ros/humble /usr/bin/cmake --build /home/eric/RMVcode/RMV-task4/ROS-HIk_MVS-SDK/build/hik_camera_ros2 -- -j20 -l20
[0.355s] [ 50%] [32mBuilding CXX object CMakeFiles/hik_camera_node.dir/src/hik_camera_node.cpp.o[0m
[1.974s] [01m[K/home/eric/RMVcode/RMV-task4/ROS-HIk_MVS-SDK/src/hik_camera_ros2/src/hik_camera_node.cpp:[m[K In member function ‘[01m[Kvoid hikcam::HikCameraNode::grab_loop()[m[K’:
[1.974s] [01m[K/home/eric/RMVcode/RMV-task4/ROS-HIk_MVS-SDK/src/hik_camera_ros2/src/hik_camera_node.cpp:246:18:[m[K [01;35m[Kwarning: [m[Kcomparison of integer expressions of different signedness: ‘[01m[Kint[m[K’ and ‘[01m[Kunsigned int[m[K’ [[01;35m[K]8;;https://gcc.gnu.org/onlinedocs/gcc/Warning-Options.html#index-Wsign-compare-Wsign-compare]8;;[m[K]
[1.975s]   246 |         if (nRet != MV_E_GC_TIMEOUT) {
[2.965s] [100%] [32m[1mLinking CXX executable hik_camera_node[0m
[3.193s] [100%] Built target hik_camera_node
[3.204s] Invoked command in '/home/eric/RMVcode/RMV-task4/ROS-HIk_MVS-SDK/build/hik_camera_ros2' returned '0': CMAKE_PREFIX_PATH=/opt/ros/humble /usr/bin/cmake --build /home/eric/RMVcode/RMV-task4/ROS-HIk_MVS-SDK/build/hik_camera_ros2 -- -j20 -l20
[3.211s] Invoking command in '/home/eric/RMVcode/RMV-task4/ROS-HIk_MVS-SDK/build/hik_camera_ros2': CMAKE_PREFIX_PATH=/opt/ros/humble /usr/bin/cmake --install /home/eric/RMVcode/RMV-task4/ROS-HIk_MVS-SDK/build/hik_camera_ros2
[3.215s] -- Install configuration: ""
[3.215s] -- Installing: /home/eric/RMVcode/RMV-task4/ROS-HIk_MVS-SDK/install/hik_camera_ros2/lib/hik_camera_ros2/hik_camera_node
[3.215s] -- Set runtime path of "/home/eric/RMVcode/RMV-task4/ROS-HIk_MVS-SDK/install/hik_camera_ros2/lib/hik_camera_ros2/hik_camera_node" to ""
[3.216s] -- Installing: /home/eric/RMVcode/RMV-task4/ROS-HIk_MVS-SDK/install/hik_camera_ros2/include
[3.216s] -- Installing: /home/eric/RMVcode/RMV-task4/ROS-HIk_MVS-SDK/install/hik_camera_ros2/include/hik_camera_ros2
[3.216s] -- Installing: /home/eric/RMVcode/RMV-task4/ROS-HIk_MVS-SDK/install/hik_camera_ros2/include/hik_camera_ros2/hik_camera_node.hpp
[3.216s] -- Installing: /home/eric/RMVcode/RMV-task4/ROS-HIk_MVS-SDK/install/hik_camera_ros2/share/hik_camera_ros2/launch
[3.216s] -- Installing: /home/eric/RMVcode/RMV-task4/ROS-HIk_MVS-SDK/install/hik_camera_ros2/share/hik_camera_ros2/launch/hik_camera.launch.py
[3.216s] -- Installing: /home/eric/RMVcode/RMV-task4/ROS-HIk_MVS-SDK/install/hik_camera_ros2/share/hik_camera_ros2/config
[3.216s] -- Installing: /home/eric/RMVcode/RMV-task4/ROS-HIk_MVS-SDK/install/hik_camera_ros2/share/hik_camera_ros2/config/camera_params.yaml
[3.216s] -- Installing: /home/eric/RMVcode/RMV-task4/ROS-HIk_MVS-SDK/install/hik_camera_ros2/share/ament_index/resource_index/package_run_dependencies/hik_camera_ros2
[3.216s] -- Installing: /home/eric/RMVcode/RMV-task4/ROS-HIk_MVS-SDK/install/hik_camera_ros2/share/ament_index/resource_index/parent_prefix_path/hik_camera_ros2
[3.216s] -- Installing: /home/eric/RMVcode/RMV-task4/ROS-HIk_MVS-SDK/install/hik_camera_ros2/share/hik_camera_ros2/environment/ament_prefix_path.sh
[3.216s] -- Installing: /home/eric/RMVcode/RMV-task4/ROS-HIk_MVS-SDK/install/hik_camera_ros2/share/hik_camera_ros2/environment/ament_prefix_path.dsv
[3.217s] -- Installing: /home/eric/RMVcode/RMV-task4/ROS-HIk_MVS-SDK/install/hik_camera_ros2/share/hik_camera_ros2/environment/path.sh
[3.217s] -- Installing: /home/eric/RMVcode/RMV-task4/ROS-HIk_MVS-SDK/install/hik_camera_ros2/share/hik_camera_ros2/environment/path.dsv
[3.217s] -- Installing: /home/eric/RMVcode/RMV-task4/ROS-HIk_MVS-SDK/install/hik_camera_ros2/share/hik_camera_ros2/local_setup.bash
[3.217s] -- Installing: /home/eric/RMVcode/RMV-task4/ROS-HIk_MVS-SDK/install/hik_camera_ros2/share/hik_camera_ros2/local_setup.sh
[3.217s] -- Installing: /home/eric/RMVcode/RMV-task4/ROS-HIk_MVS-SDK/install/hik_camera_ros2/share/hik_camera_ros2/local_setup.zsh
[3.217s] -- Installing: /home/eric/RMVcode/RMV-task4/ROS-HIk_MVS-SDK/install/hik_camera_ros2/share/hik_camera_ros2/local_setup.dsv
[3.217s] -- Installing: /home/eric/RMVcode/RMV-task4/ROS-HIk_MVS-SDK/install/hik_camera_ros2/share/hik_camera_ros2/package.dsv
[3.217s] -- Installing: /home/eric/RMVcode/RMV-task4/ROS-HIk_MVS-SDK/install/hik_camera_ros2/share/ament_index/resource_index/packages/hik_camera_ros2
[3.217s] -- Installing: /home/eric/RMVcode/RMV-task4/ROS-HIk_MVS-SDK/install/hik_camera_ros2/share/hik_camera_ros2/cmake/hik_camera_ros2Config.cmake
[3.217s] -- Installing: /home/eric/RMVcode/RMV-task4/ROS-HIk_MVS-SDK/install/hik_camera_ros2/share/hik_camera_ros2/cmake/hik_camera_ros2Config-version.cmake
[3.217s] -- Installing: /home/eric/RMVcode/RMV-task4/ROS-HIk_MVS-SDK/install/hik_camera_ros2/share/hik_camera_ros2/package.xml
[3.218s] Invoked command in '/home/eric/RMVcode/RMV-task4/ROS-HIk_MVS-SDK/build/hik_camera_ros2' returned '0': CMAKE_PREFIX_PATH=/opt/ros/humble /usr/bin/cmake --install /home/eric/RMVcode/RMV-task4/ROS-HIk_MVS-SDK/build/hik_camera_ros2
