[0.006s] Invoking command in '/home/eric/RMVcode/RMV-task4/ROS-HIk_MVS-SDK/build/hik_camera_ros2': CMAKE_PREFIX_PATH=/opt/ros/humble /usr/bin/cmake --build /home/eric/RMVcode/RMV-task4/ROS-HIk_MVS-SDK/build/hik_camera_ros2 -- -j20 -l20
[0.034s] [35m[1mConsolidate compiler generated dependencies of target hik_camera_node[0m
[0.048s] [ 50%] [32mBuilding CXX object CMakeFiles/hik_camera_node.dir/src/hik_camera_node.cpp.o[0m
[2.969s] [100%] [32m[1mLinking CXX executable hik_camera_node[0m
[3.222s] [100%] Built target hik_camera_node
[3.233s] Invoked command in '/home/eric/RMVcode/RMV-task4/ROS-HIk_MVS-SDK/build/hik_camera_ros2' returned '0': CMAKE_PREFIX_PATH=/opt/ros/humble /usr/bin/cmake --build /home/eric/RMVcode/RMV-task4/ROS-HIk_MVS-SDK/build/hik_camera_ros2 -- -j20 -l20
[3.241s] Invoking command in '/home/eric/RMVcode/RMV-task4/ROS-HIk_MVS-SDK/build/hik_camera_ros2': CMAKE_PREFIX_PATH=/opt/ros/humble /usr/bin/cmake --install /home/eric/RMVcode/RMV-task4/ROS-HIk_MVS-SDK/build/hik_camera_ros2
[3.246s] -- Install configuration: ""
[3.246s] -- Installing: /home/eric/RMVcode/RMV-task4/ROS-HIk_MVS-SDK/install/hik_camera_ros2/lib/hik_camera_ros2/hik_camera_node
[3.246s] -- Set runtime path of "/home/eric/RMVcode/RMV-task4/ROS-HIk_MVS-SDK/install/hik_camera_ros2/lib/hik_camera_ros2/hik_camera_node" to ""
[3.246s] -- Up-to-date: /home/eric/RMVcode/RMV-task4/ROS-HIk_MVS-SDK/install/hik_camera_ros2/include
[3.246s] -- Up-to-date: /home/eric/RMVcode/RMV-task4/ROS-HIk_MVS-SDK/install/hik_camera_ros2/include/hik_camera_ros2
[3.246s] -- Up-to-date: /home/eric/RMVcode/RMV-task4/ROS-HIk_MVS-SDK/install/hik_camera_ros2/include/hik_camera_ros2/hik_camera_node.hpp
[3.246s] -- Up-to-date: /home/eric/RMVcode/RMV-task4/ROS-HIk_MVS-SDK/install/hik_camera_ros2/share/hik_camera_ros2/launch
[3.246s] -- Up-to-date: /home/eric/RMVcode/RMV-task4/ROS-HIk_MVS-SDK/install/hik_camera_ros2/share/hik_camera_ros2/launch/hik_camera.launch.py
[3.246s] -- Up-to-date: /home/eric/RMVcode/RMV-task4/ROS-HIk_MVS-SDK/install/hik_camera_ros2/share/hik_camera_ros2/config
[3.247s] -- Up-to-date: /home/eric/RMVcode/RMV-task4/ROS-HIk_MVS-SDK/install/hik_camera_ros2/share/hik_camera_ros2/config/camera_params.yaml
[3.247s] -- Up-to-date: /home/eric/RMVcode/RMV-task4/ROS-HIk_MVS-SDK/install/hik_camera_ros2/share/ament_index/resource_index/package_run_dependencies/hik_camera_ros2
[3.247s] -- Up-to-date: /home/eric/RMVcode/RMV-task4/ROS-HIk_MVS-SDK/install/hik_camera_ros2/share/ament_index/resource_index/parent_prefix_path/hik_camera_ros2
[3.247s] -- Up-to-date: /home/eric/RMVcode/RMV-task4/ROS-HIk_MVS-SDK/install/hik_camera_ros2/share/hik_camera_ros2/environment/ament_prefix_path.sh
[3.247s] -- Up-to-date: /home/eric/RMVcode/RMV-task4/ROS-HIk_MVS-SDK/install/hik_camera_ros2/share/hik_camera_ros2/environment/ament_prefix_path.dsv
[3.247s] -- Up-to-date: /home/eric/RMVcode/RMV-task4/ROS-HIk_MVS-SDK/install/hik_camera_ros2/share/hik_camera_ros2/environment/path.sh
[3.247s] -- Up-to-date: /home/eric/RMVcode/RMV-task4/ROS-HIk_MVS-SDK/install/hik_camera_ros2/share/hik_camera_ros2/environment/path.dsv
[3.247s] -- Up-to-date: /home/eric/RMVcode/RMV-task4/ROS-HIk_MVS-SDK/install/hik_camera_ros2/share/hik_camera_ros2/local_setup.bash
[3.247s] -- Up-to-date: /home/eric/RMVcode/RMV-task4/ROS-HIk_MVS-SDK/install/hik_camera_ros2/share/hik_camera_ros2/local_setup.sh
[3.247s] -- Up-to-date: /home/eric/RMVcode/RMV-task4/ROS-HIk_MVS-SDK/install/hik_camera_ros2/share/hik_camera_ros2/local_setup.zsh
[3.247s] -- Up-to-date: /home/eric/RMVcode/RMV-task4/ROS-HIk_MVS-SDK/install/hik_camera_ros2/share/hik_camera_ros2/local_setup.dsv
[3.247s] -- Installing: /home/eric/RMVcode/RMV-task4/ROS-HIk_MVS-SDK/install/hik_camera_ros2/share/hik_camera_ros2/package.dsv
[3.247s] -- Up-to-date: /home/eric/RMVcode/RMV-task4/ROS-HIk_MVS-SDK/install/hik_camera_ros2/share/ament_index/resource_index/packages/hik_camera_ros2
[3.247s] -- Up-to-date: /home/eric/RMVcode/RMV-task4/ROS-HIk_MVS-SDK/install/hik_camera_ros2/share/hik_camera_ros2/cmake/hik_camera_ros2Config.cmake
[3.247s] -- Up-to-date: /home/eric/RMVcode/RMV-task4/ROS-HIk_MVS-SDK/install/hik_camera_ros2/share/hik_camera_ros2/cmake/hik_camera_ros2Config-version.cmake
[3.247s] -- Up-to-date: /home/eric/RMVcode/RMV-task4/ROS-HIk_MVS-SDK/install/hik_camera_ros2/share/hik_camera_ros2/package.xml
[3.248s] Invoked command in '/home/eric/RMVcode/RMV-task4/ROS-HIk_MVS-SDK/build/hik_camera_ros2' returned '0': CMAKE_PREFIX_PATH=/opt/ros/humble /usr/bin/cmake --install /home/eric/RMVcode/RMV-task4/ROS-HIk_MVS-SDK/build/hik_camera_ros2
